0 info it worked if it ends with ok
1 verbose cli [ '/usr/bin/node',
1 verbose cli   '/usr/bin/npm',
1 verbose cli   'install',
1 verbose cli   'grunt-contrib-inline',
1 verbose cli   '--save-dev' ]
2 info using npm@1.4.28
3 info using node@v0.10.33
4 verbose node symlink /usr/bin/node
5 warn package.json dateformat@1.0.2-1.2.3 No repository field.
6 verbose readDependencies using package.json deps
7 verbose cache add [ 'grunt-contrib-inline', null ]
8 verbose cache add name=undefined spec="grunt-contrib-inline" args=["grunt-contrib-inline",null]
9 verbose parsed url { protocol: null,
9 verbose parsed url   slashes: null,
9 verbose parsed url   auth: null,
9 verbose parsed url   host: null,
9 verbose parsed url   port: null,
9 verbose parsed url   hostname: null,
9 verbose parsed url   hash: null,
9 verbose parsed url   search: null,
9 verbose parsed url   query: null,
9 verbose parsed url   pathname: 'grunt-contrib-inline',
9 verbose parsed url   path: 'grunt-contrib-inline',
9 verbose parsed url   href: 'grunt-contrib-inline' }
10 silly lockFile 2141d550-grunt-contrib-inline grunt-contrib-inline
11 verbose lock grunt-contrib-inline /home/webonise/.npm/2141d550-grunt-contrib-inline.lock
12 silly lockFile 2141d550-grunt-contrib-inline grunt-contrib-inline
13 silly lockFile 2141d550-grunt-contrib-inline grunt-contrib-inline
14 verbose addNamed [ 'grunt-contrib-inline', '' ]
15 verbose addNamed [ null, '*' ]
16 silly lockFile 51df3131-grunt-contrib-inline grunt-contrib-inline@
17 verbose lock grunt-contrib-inline@ /home/webonise/.npm/51df3131-grunt-contrib-inline.lock
18 silly addNameRange { name: 'grunt-contrib-inline', range: '*', hasData: false }
19 verbose request where is /grunt-contrib-inline
20 verbose request registry https://registry.npmjs.org/
21 verbose request id a03cc75476421a21
22 verbose url raw /grunt-contrib-inline
23 verbose url resolving [ 'https://registry.npmjs.org/', './grunt-contrib-inline' ]
24 verbose url resolved https://registry.npmjs.org/grunt-contrib-inline
25 verbose request where is https://registry.npmjs.org/grunt-contrib-inline
26 info trying registry request attempt 1 at 18:27:53
27 http GET https://registry.npmjs.org/grunt-contrib-inline
28 http 404 https://registry.npmjs.org/grunt-contrib-inline
29 verbose headers { date: 'Tue, 09 Dec 2014 12:57:45 GMT',
29 verbose headers   server: 'CouchDB/1.5.0 (Erlang OTP/R16B03)',
29 verbose headers   'content-type': 'application/json',
29 verbose headers   'cache-control': 'max-age=0',
29 verbose headers   'content-length': '52',
29 verbose headers   'accept-ranges': 'bytes',
29 verbose headers   via: '1.1 varnish',
29 verbose headers   age: '0',
29 verbose headers   'x-served-by': 'cache-sn88-SIN',
29 verbose headers   'x-cache': 'MISS',
29 verbose headers   'x-cache-hits': '0',
29 verbose headers   'x-timer': 'S1418129864.992952,VS0,VE201',
29 verbose headers   'keep-alive': 'timeout=10, max=50',
29 verbose headers   connection: 'Keep-Alive' }
30 silly registry.get cb [ 404,
30 silly registry.get   { date: 'Tue, 09 Dec 2014 12:57:45 GMT',
30 silly registry.get     server: 'CouchDB/1.5.0 (Erlang OTP/R16B03)',
30 silly registry.get     'content-type': 'application/json',
30 silly registry.get     'cache-control': 'max-age=0',
30 silly registry.get     'content-length': '52',
30 silly registry.get     'accept-ranges': 'bytes',
30 silly registry.get     via: '1.1 varnish',
30 silly registry.get     age: '0',
30 silly registry.get     'x-served-by': 'cache-sn88-SIN',
30 silly registry.get     'x-cache': 'MISS',
30 silly registry.get     'x-cache-hits': '0',
30 silly registry.get     'x-timer': 'S1418129864.992952,VS0,VE201',
30 silly registry.get     'keep-alive': 'timeout=10, max=50',
30 silly registry.get     connection: 'Keep-Alive' } ]
31 silly lockFile 51df3131-grunt-contrib-inline grunt-contrib-inline@
32 silly lockFile 51df3131-grunt-contrib-inline grunt-contrib-inline@
33 error 404 404 Not Found: grunt-contrib-inline
33 error 404
33 error 404 'grunt-contrib-inline' is not in the npm registry.
33 error 404 You should bug the author to publish it
33 error 404 It was specified as a dependency of 'grunt'
33 error 404
33 error 404 Note that you can also install from a
33 error 404 tarball, folder, or http url, or git url.
34 error System Linux 3.5.0-52-generic
35 error command "/usr/bin/node" "/usr/bin/npm" "install" "grunt-contrib-inline" "--save-dev"
36 error cwd /home/webonise/workspace/Assignments/grunt-assignment/node_modules/grunt
37 error node -v v0.10.33
38 error npm -v 1.4.28
39 error code E404
40 verbose exit [ 1, true ]
